<?xml version="1.0" encoding="UTF-8"?>
<!-- Generated by org.testng.reporters.JUnitReportReporter -->
<testsuite hostname="PERU-METO" failures="0" tests="1" name="org.meto.api.endpoints.CaptureResponse" time="0.001" errors="0" timestamp="2023-12-11T17:29:38 COT" skipped="1">
  <testcase classname="org.meto.api.endpoints.CaptureResponse" name="captureTest" time="0.001">
    <skipped/>
  </testcase> <!-- captureTest -->
</testsuite> <!-- org.meto.api.endpoints.CaptureResponse -->
