<?xml version="1.0" encoding="UTF-8"?>
<!-- Generated by org.testng.reporters.JUnitReportReporter -->
<testsuite hostname="PERU-METO" failures="0" tests="1" name="org.meto.api.endpoints.EndPointRuleTasa" time="9.294" errors="0" timestamp="2023-12-15T10:16:39 COT" skipped="0">
  <testcase classname="org.meto.api.endpoints.EndPointRuleTasa" name="RuleTasa" time="9.294"/>
  <system-out/>
</testsuite> <!-- org.meto.api.endpoints.EndPointRuleTasa -->
