<?xml version="1.0" encoding="UTF-8"?>
<!-- Generated by org.testng.reporters.JUnitReportReporter -->
<testsuite hostname="PERU-METO" failures="0" tests="3" name="org.meto.api.test.DDTestAuthentication" time="4.602" errors="0" timestamp="2023-12-14T12:29:16 COT" skipped="0">
  <testcase classname="org.meto.api.test.DDTestAuthentication" name="testPostRoleD" time="4.599"/>
  <system-out/>
  <testcase classname="org.meto.api.test.DDTestAuthentication" name="testGetRuleTasa" time="0.002"/>
  <system-out/>
  <testcase classname="org.meto.api.test.DDTestAuthentication" name="testGetCatalogsEcivil" time="0.001"/>
  <system-out/>
</testsuite> <!-- org.meto.api.test.DDTestAuthentication -->
