<?xml version="1.0" encoding="UTF-8"?>
<!-- Generated by org.testng.reporters.JUnitReportReporter -->
<testsuite hostname="PERU-METO" failures="0" tests="3" name="org.meto.appium.tests.TFCustomer" time="0.000" errors="0" timestamp="2023-12-22T14:38:38 COT" skipped="3">
  <testcase classname="org.meto.appium.tests.TFCustomer" name="Customer" time="0.000">
    <skipped/>
  </testcase> <!-- Customer -->
  <system-out/>
  <testcase classname="org.meto.appium.tests.TFCustomer" name="InfComplementaria" time="0.000">
    <skipped/>
  </testcase> <!-- InfComplementaria -->
  <system-out/>
  <testcase classname="org.meto.appium.tests.TFCustomer" name="Domicilio" time="0.000">
    <skipped/>
  </testcase> <!-- Domicilio -->
  <system-out/>
</testsuite> <!-- org.meto.appium.tests.TFCustomer -->
