<?xml version="1.0" encoding="UTF-8"?>
<!-- Generated by org.testng.reporters.JUnitReportReporter -->
<testsuite hostname="PERU-METO" failures="0" tests="2" name="org.meto.appium.tests.TFLogin" time="0.000" errors="0" timestamp="2023-12-22T14:38:38 COT" skipped="2">
  <testcase classname="org.meto.appium.tests.TFLogin" name="Rol" time="0.000">
    <skipped/>
  </testcase> <!-- Rol -->
  <system-out/>
  <testcase classname="org.meto.appium.tests.TFLogin" name="Login" time="0.000">
    <skipped/>
  </testcase> <!-- Login -->
  <system-out/>
</testsuite> <!-- org.meto.appium.tests.TFLogin -->
