<?xml version="1.0" encoding="UTF-8"?>
<!-- Generated by org.testng.reporters.JUnitReportReporter -->
<testsuite hostname="PERU-METO" failures="0" tests="2" name="org.meto.appium.tests.TFProposal" time="0.000" errors="0" timestamp="2023-12-19T09:58:13 COT" skipped="2">
  <testcase classname="org.meto.appium.tests.TFProposal" name="Propuesta_error" time="0.000">
    <skipped/>
  </testcase> <!-- Propuesta_error -->
  <system-out/>
  <testcase classname="org.meto.appium.tests.TFProposal" name="Propuesta" time="0.000">
    <skipped/>
  </testcase> <!-- Propuesta -->
  <system-out/>
</testsuite> <!-- org.meto.appium.tests.TFProposal -->
