<?xml version="1.0" encoding="UTF-8"?>
<!-- Generated by org.testng.reporters.JUnitReportReporter -->
<testsuite hostname="PERU-METO" failures="0" tests="2" name="org.meto.appium.tests.TFCustomerGuarantor" time="53.570" errors="1" timestamp="2023-12-19T09:58:13 COT" skipped="1">
  <testcase classname="org.meto.appium.tests.TFCustomerGuarantor" name="setup" time="53.570">
    <error message="Could not start a new session. Response code 500. Message: An unknown server-side error occurred while processing the command. Original error: Cannot start the &#039;pe.com.surgir.surgirapp&#039; application. Consider checking the driver&#039;s troubleshooting documentation. Original error: &#039;pe.com.surgir.surgirapp.ui.login.LoginActivity&#039; or &#039;pe.com.surgir.surgirapp.ui.splash.SplashActivity&#039; never started. Consider checking the driver&#039;s troubleshooting documentation. 
Host info: host: &#039;PERU-METO&#039;, ip: &#039;172.16.3.9&#039;
Build info: version: &#039;4.16.1&#039;, revision: &#039;9b4c83354e&#039;
System info: os.name: &#039;Windows 11&#039;, os.arch: &#039;amd64&#039;, os.version: &#039;10.0&#039;, java.version: &#039;11.0.17&#039;
Driver info: io.appium.java_client.android.AndroidDriver
Command: [null, newSession {capabilities=[{appium:noReset=false, appium:udid=RX2RB00S4HN, appium:browserstack.networkLogs=true, appium:ignoreHiddenApiPolicyError=true, appium:chromedriverExecutable=C:\prueba\AppiumFrameworkSurgir//src//test//resources//driver//chromedriver, appium:appWaitActivity=.ui.login.LoginActivity,.ui.splash.SplashActivity, appium:deviceName=samsung SM-T575, platformName=ANDROID, appium:automationName=UiAutomator2, appium:enableMultiWindows=true, appium:app=C:\prueba\AppiumFrameworkSurgir//src//test//resources//app//23-12-14_1227_Surgir_debug_6.0.13_Release6.0.13.apk}], desiredCapabilities=Capabilities {appium:app: C:\prueba\AppiumFrameworkSu..., appium:appWaitActivity: .ui.login.LoginActivity,.ui..., appium:automationName: UiAutomator2, appium:browserstack.networkLogs: true, appium:chromedriverExecutable: C:\prueba\AppiumFrameworkSu..., appium:deviceName: samsung SM-T575, appium:enableMultiWindows: true, appium:ignoreHiddenApiPolicyError: true, appium:noReset: false, appium:udid: RX2RB00S4HN, platformName: ANDROID}}]
Capabilities {appium:app: C:\prueba\AppiumFrameworkSu..., appium:appWaitActivity: .ui.login.LoginActivity,.ui..., appium:automationName: UiAutomator2, appium:browserstack.networkLogs: true, appium:chromedriverExecutable: C:\prueba\AppiumFrameworkSu..., appium:deviceName: samsung SM-T575, appium:enableMultiWindows: true, appium:ignoreHiddenApiPolicyError: true, appium:noReset: false, appium:udid: RX2RB00S4HN, platformName: ANDROID}" type="org.openqa.selenium.SessionNotCreatedException">
      <![CDATA[org.openqa.selenium.SessionNotCreatedException: Could not start a new session. Response code 500. Message: An unknown server-side error occurred while processing the command. Original error: Cannot start the 'pe.com.surgir.surgirapp' application. Consider checking the driver's troubleshooting documentation. Original error: 'pe.com.surgir.surgirapp.ui.login.LoginActivity' or 'pe.com.surgir.surgirapp.ui.splash.SplashActivity' never started. Consider checking the driver's troubleshooting documentation. 
Host info: host: 'PERU-METO', ip: '172.16.3.9'
Build info: version: '4.16.1', revision: '9b4c83354e'
System info: os.name: 'Windows 11', os.arch: 'amd64', os.version: '10.0', java.version: '11.0.17'
Driver info: io.appium.java_client.android.AndroidDriver
Command: [null, newSession {capabilities=[{appium:noReset=false, appium:udid=RX2RB00S4HN, appium:browserstack.networkLogs=true, appium:ignoreHiddenApiPolicyError=true, appium:chromedriverExecutable=C:\prueba\AppiumFrameworkSurgir//src//test//resources//driver//chromedriver, appium:appWaitActivity=.ui.login.LoginActivity,.ui.splash.SplashActivity, appium:deviceName=samsung SM-T575, platformName=ANDROID, appium:automationName=UiAutomator2, appium:enableMultiWindows=true, appium:app=C:\prueba\AppiumFrameworkSurgir//src//test//resources//app//23-12-14_1227_Surgir_debug_6.0.13_Release6.0.13.apk}], desiredCapabilities=Capabilities {appium:app: C:\prueba\AppiumFrameworkSu..., appium:appWaitActivity: .ui.login.LoginActivity,.ui..., appium:automationName: UiAutomator2, appium:browserstack.networkLogs: true, appium:chromedriverExecutable: C:\prueba\AppiumFrameworkSu..., appium:deviceName: samsung SM-T575, appium:enableMultiWindows: true, appium:ignoreHiddenApiPolicyError: true, appium:noReset: false, appium:udid: RX2RB00S4HN, platformName: ANDROID}}]
Capabilities {appium:app: C:\prueba\AppiumFrameworkSu..., appium:appWaitActivity: .ui.login.LoginActivity,.ui..., appium:automationName: UiAutomator2, appium:browserstack.networkLogs: true, appium:chromedriverExecutable: C:\prueba\AppiumFrameworkSu..., appium:deviceName: samsung SM-T575, appium:enableMultiWindows: true, appium:ignoreHiddenApiPolicyError: true, appium:noReset: false, appium:udid: RX2RB00S4HN, platformName: ANDROID}
at org.openqa.selenium.remote.ProtocolHandshake.createSession(ProtocolHandshake.java:140)
at java.base/jdk.internal.reflect.NativeMethodAccessorImpl.invoke0(Native Method)
at java.base/jdk.internal.reflect.NativeMethodAccessorImpl.invoke(NativeMethodAccessorImpl.java:62)
at java.base/jdk.internal.reflect.DelegatingMethodAccessorImpl.invoke(DelegatingMethodAccessorImpl.java:43)
at java.base/java.lang.reflect.Method.invoke(Method.java:566)
at io.appium.java_client.remote.AppiumProtocolHandshake.createSession(AppiumProtocolHandshake.java:133)
at io.appium.java_client.remote.AppiumProtocolHandshake.createSession(AppiumProtocolHandshake.java:102)
at io.appium.java_client.remote.AppiumCommandExecutor.createSession(AppiumCommandExecutor.java:177)
at io.appium.java_client.remote.AppiumCommandExecutor.execute(AppiumCommandExecutor.java:238)
at org.openqa.selenium.remote.RemoteWebDriver.execute(RemoteWebDriver.java:523)
at io.appium.java_client.AppiumDriver.startSession(AppiumDriver.java:268)
at org.openqa.selenium.remote.RemoteWebDriver.<init>(RemoteWebDriver.java:164)
at io.appium.java_client.AppiumDriver.<init>(AppiumDriver.java:90)
at io.appium.java_client.AppiumDriver.<init>(AppiumDriver.java:102)
at io.appium.java_client.android.AndroidDriver.<init>(AndroidDriver.java:109)
at org.meto.appium.base.TestBase.setup(TestBase.java:84)
at java.base/jdk.internal.reflect.NativeMethodAccessorImpl.invoke0(Native Method)
at java.base/jdk.internal.reflect.NativeMethodAccessorImpl.invoke(NativeMethodAccessorImpl.java:62)
at java.base/jdk.internal.reflect.DelegatingMethodAccessorImpl.invoke(DelegatingMethodAccessorImpl.java:43)
at java.base/java.lang.reflect.Method.invoke(Method.java:566)
at org.testng.internal.MethodInvocationHelper.invokeMethod(MethodInvocationHelper.java:133)
at org.testng.internal.MethodInvocationHelper.invokeMethodConsideringTimeout(MethodInvocationHelper.java:62)
at org.testng.internal.ConfigInvoker.invokeConfigurationMethod(ConfigInvoker.java:385)
at org.testng.internal.ConfigInvoker.invokeConfigurations(ConfigInvoker.java:321)
at org.testng.SuiteRunner.privateRun(SuiteRunner.java:317)
at org.testng.SuiteRunner.run(SuiteRunner.java:276)
at org.testng.SuiteRunnerWorker.runSuite(SuiteRunnerWorker.java:53)
at org.testng.SuiteRunnerWorker.run(SuiteRunnerWorker.java:96)
at org.testng.TestNG.runSuitesSequentially(TestNG.java:1212)
at org.testng.TestNG.runSuitesLocally(TestNG.java:1134)
at org.testng.TestNG.runSuites(TestNG.java:1063)
at org.testng.TestNG.run(TestNG.java:1031)
at org.testng.remote.AbstractRemoteTestNG.run(AbstractRemoteTestNG.java:115)
at org.testng.remote.RemoteTestNG.initAndRun(RemoteTestNG.java:251)
at org.testng.remote.RemoteTestNG.main(RemoteTestNG.java:77)
]]>
    </error>
  </testcase> <!-- setup -->
  <system-out/>
  <testcase classname="org.meto.appium.tests.TFCustomerGuarantor" name="FillCustomerGuarantor" time="0.000">
    <skipped/>
  </testcase> <!-- FillCustomerGuarantor -->
  <system-out/>
</testsuite> <!-- org.meto.appium.tests.TFCustomerGuarantor -->
