<?xml version="1.0" encoding="UTF-8"?>
<!-- Generated by org.testng.reporters.JUnitReportReporter -->
<testsuite hostname="PERU-METO" failures="0" tests="1" name="org.meto.api.endpoints.EndPointCatalogs_ecivil" time="6.622" errors="0" timestamp="2023-12-15T10:16:39 COT" skipped="0">
  <testcase classname="org.meto.api.endpoints.EndPointCatalogs_ecivil" name="CatalogEcivil" time="6.622"/>
  <system-out/>
</testsuite> <!-- org.meto.api.endpoints.EndPointCatalogs_ecivil -->
