<?xml version="1.0" encoding="UTF-8"?>
<!-- Generated by org.testng.reporters.JUnitReportReporter -->
<testsuite hostname="PERU-METO" failures="0" tests="2" name="org.meto.appium.tests.TFProspect" time="0.000" errors="0" timestamp="2023-12-22T14:38:37 COT" skipped="2">
  <testcase classname="org.meto.appium.tests.TFProspect" name="UsoDatos" time="0.000">
    <skipped/>
  </testcase> <!-- UsoDatos -->
  <system-out/>
  <testcase classname="org.meto.appium.tests.TFProspect" name="Prospect" time="0.000">
    <skipped/>
  </testcase> <!-- Prospect -->
  <system-out/>
</testsuite> <!-- org.meto.appium.tests.TFProspect -->
